{"C:\\Users\\rata1\\OneDrive\\HTML\\Practicas\\Admin-products-stack\\server\\src\\server.ts": {"path":"C:\\Users\\rata1\\OneDrive\\HTML\\Practicas\\Admin-products-stack\\server\\src\\server.ts","statementMap":{"0":{"start":{"line":1,"column":0},"end":{"line":1,"column":30}},"1":{"start":{"line":2,"column":0},"end":{"line":2,"column":28}},"2":{"start":{"line":3,"column":0},"end":{"line":3,"column":37}},"3":{"start":{"line":5,"column":15},"end":{"line":5,"column":24}},"4":{"start":{"line":6,"column":0},"end":{"line":6,"column":16}},"5":{"start":{"line":7,"column":0},"end":{"line":7,"column":27}},"6":{"start":{"line":9,"column":0},"end":{"line":9,"column":34}},"7":{"start":{"line":11,"column":0},"end":{"line":13,"column":3}},"8":{"start":{"line":12,"column":1},"end":{"line":12,"column":32}},"9":{"start":{"line":14,"column":0},"end":{"line":14,"column":22}}},"fnMap":{"0":{"name":"(anonymous_1)","decl":{"start":{"line":11,"column":19},"end":{"line":11,"column":20}},"loc":{"start":{"line":11,"column":32},"end":{"line":13,"column":1}}}},"branchMap":{},"s":{"0":2,"1":2,"2":2,"3":2,"4":2,"5":2,"6":2,"7":2,"8":1,"9":2},"f":{"0":1},"b":{}}
,"C:\\Users\\rata1\\OneDrive\\HTML\\Practicas\\Admin-products-stack\\server\\src\\config\\db.ts": {"path":"C:\\Users\\rata1\\OneDrive\\HTML\\Practicas\\Admin-products-stack\\server\\src\\config\\db.ts","statementMap":{"0":{"start":{"line":1,"column":0},"end":{"line":1,"column":49}},"1":{"start":{"line":3,"column":15},"end":{"line":3,"column":33}},"2":{"start":{"line":4,"column":11},"end":{"line":18,"column":2}},"3":{"start":{"line":20,"column":0},"end":{"line":20,"column":18}}},"fnMap":{},"branchMap":{},"s":{"0":1,"1":1,"2":1,"3":1},"f":{},"b":{}}
,"C:\\Users\\rata1\\OneDrive\\HTML\\Practicas\\Admin-products-stack\\server\\src\\handlers\\Product.ts": {"path":"C:\\Users\\rata1\\OneDrive\\HTML\\Practicas\\Admin-products-stack\\server\\src\\handlers\\Product.ts","statementMap":{"0":{"start":{"line":1,"column":0},"end":{"line":1,"column":51}},"1":{"start":{"line":6,"column":19},"end":{"line":8,"column":4}},"2":{"start":{"line":9,"column":2},"end":{"line":9,"column":31}},"3":{"start":{"line":13,"column":17},"end":{"line":13,"column":27}},"4":{"start":{"line":15,"column":18},"end":{"line":15,"column":49}},"5":{"start":{"line":17,"column":2},"end":{"line":20,"column":3}},"6":{"start":{"line":18,"column":3},"end":{"line":18,"column":60}},"7":{"start":{"line":19,"column":3},"end":{"line":19,"column":10}},"8":{"start":{"line":22,"column":2},"end":{"line":22,"column":30}},"9":{"start":{"line":26,"column":18},"end":{"line":26,"column":53}},"10":{"start":{"line":27,"column":2},"end":{"line":27,"column":42}},"11":{"start":{"line":31,"column":17},"end":{"line":31,"column":27}},"12":{"start":{"line":32,"column":18},"end":{"line":32,"column":49}},"13":{"start":{"line":34,"column":2},"end":{"line":37,"column":3}},"14":{"start":{"line":35,"column":3},"end":{"line":35,"column":60}},"15":{"start":{"line":36,"column":3},"end":{"line":36,"column":10}},"16":{"start":{"line":39,"column":2},"end":{"line":39,"column":41}},"17":{"start":{"line":40,"column":17},"end":{"line":40,"column":37}},"18":{"start":{"line":41,"column":2},"end":{"line":41,"column":29}},"19":{"start":{"line":45,"column":17},"end":{"line":45,"column":27}},"20":{"start":{"line":46,"column":18},"end":{"line":46,"column":49}},"21":{"start":{"line":48,"column":2},"end":{"line":51,"column":3}},"22":{"start":{"line":49,"column":3},"end":{"line":49,"column":60}},"23":{"start":{"line":50,"column":3},"end":{"line":50,"column":10}},"24":{"start":{"line":53,"column":17},"end":{"line":53,"column":47}},"25":{"start":{"line":54,"column":2},"end":{"line":54,"column":29}},"26":{"start":{"line":58,"column":17},"end":{"line":58,"column":27}},"27":{"start":{"line":59,"column":18},"end":{"line":59,"column":49}},"28":{"start":{"line":61,"column":2},"end":{"line":64,"column":3}},"29":{"start":{"line":62,"column":3},"end":{"line":62,"column":58}},"30":{"start":{"line":63,"column":3},"end":{"line":63,"column":10}},"31":{"start":{"line":65,"column":2},"end":{"line":65,"column":26}},"32":{"start":{"line":66,"column":2},"end":{"line":66,"column":70}},"33":{"start":{"line":70,"column":0},"end":{"line":70,"column":23}}},"fnMap":{"0":{"name":"(anonymous_1)","decl":{"start":{"line":5,"column":1},"end":{"line":5,"column":7}},"loc":{"start":{"line":5,"column":53},"end":{"line":10,"column":2}}},"1":{"name":"(anonymous_2)","decl":{"start":{"line":12,"column":1},"end":{"line":12,"column":7}},"loc":{"start":{"line":12,"column":56},"end":{"line":23,"column":2}}},"2":{"name":"(anonymous_3)","decl":{"start":{"line":25,"column":1},"end":{"line":25,"column":7}},"loc":{"start":{"line":25,"column":55},"end":{"line":28,"column":2}}},"3":{"name":"(anonymous_4)","decl":{"start":{"line":30,"column":1},"end":{"line":30,"column":7}},"loc":{"start":{"line":30,"column":57},"end":{"line":42,"column":2}}},"4":{"name":"(anonymous_5)","decl":{"start":{"line":44,"column":1},"end":{"line":44,"column":7}},"loc":{"start":{"line":44,"column":55},"end":{"line":55,"column":2}}},"5":{"name":"(anonymous_6)","decl":{"start":{"line":57,"column":1},"end":{"line":57,"column":7}},"loc":{"start":{"line":57,"column":55},"end":{"line":67,"column":2}}}},"branchMap":{"0":{"loc":{"start":{"line":17,"column":2},"end":{"line":20,"column":3}},"type":"if","locations":[{"start":{"line":17,"column":2},"end":{"line":20,"column":3}}]},"1":{"loc":{"start":{"line":34,"column":2},"end":{"line":37,"column":3}},"type":"if","locations":[{"start":{"line":34,"column":2},"end":{"line":37,"column":3}}]},"2":{"loc":{"start":{"line":48,"column":2},"end":{"line":51,"column":3}},"type":"if","locations":[{"start":{"line":48,"column":2},"end":{"line":51,"column":3}}]},"3":{"loc":{"start":{"line":61,"column":2},"end":{"line":64,"column":3}},"type":"if","locations":[{"start":{"line":61,"column":2},"end":{"line":64,"column":3}}]}},"s":{"0":2,"1":1,"2":1,"3":2,"4":2,"5":2,"6":1,"7":1,"8":1,"9":1,"10":1,"11":2,"12":2,"13":2,"14":1,"15":1,"16":1,"17":1,"18":1,"19":2,"20":2,"21":2,"22":1,"23":1,"24":1,"25":1,"26":2,"27":2,"28":2,"29":1,"30":1,"31":1,"32":1,"33":2},"f":{"0":1,"1":2,"2":1,"3":2,"4":2,"5":2},"b":{"0":[1],"1":[1],"2":[1],"3":[1]}}
,"C:\\Users\\rata1\\OneDrive\\HTML\\Practicas\\Admin-products-stack\\server\\src\\middleware\\index.ts": {"path":"C:\\Users\\rata1\\OneDrive\\HTML\\Practicas\\Admin-products-stack\\server\\src\\middleware\\index.ts","statementMap":{"0":{"start":{"line":8,"column":0},"end":{"line":8,"column":7}},"1":{"start":{"line":23,"column":0},"end":{"line":23,"column":7}},"2":{"start":{"line":38,"column":0},"end":{"line":38,"column":7}},"3":{"start":{"line":2,"column":0},"end":{"line":2,"column":null}},"4":{"start":{"line":13,"column":13},"end":{"line":13,"column":40}},"5":{"start":{"line":15,"column":1},"end":{"line":18,"column":2}},"6":{"start":{"line":16,"column":2},"end":{"line":16,"column":47}},"7":{"start":{"line":17,"column":2},"end":{"line":17,"column":9}},"8":{"start":{"line":20,"column":1},"end":{"line":20,"column":8}},"9":{"start":{"line":28,"column":13},"end":{"line":28,"column":38}},"10":{"start":{"line":30,"column":1},"end":{"line":33,"column":2}},"11":{"start":{"line":31,"column":2},"end":{"line":31,"column":47}},"12":{"start":{"line":32,"column":2},"end":{"line":32,"column":9}},"13":{"start":{"line":35,"column":1},"end":{"line":35,"column":8}},"14":{"start":{"line":43,"column":13},"end":{"line":43,"column":39}},"15":{"start":{"line":45,"column":1},"end":{"line":48,"column":2}},"16":{"start":{"line":46,"column":2},"end":{"line":46,"column":47}},"17":{"start":{"line":47,"column":2},"end":{"line":47,"column":9}},"18":{"start":{"line":50,"column":1},"end":{"line":50,"column":8}}},"fnMap":{"0":{"name":"checkoutInput","decl":{"start":{"line":8,"column":22},"end":{"line":8,"column":35}},"loc":{"start":{"line":11,"column":19},"end":{"line":21,"column":1}}},"1":{"name":"checkoutParam","decl":{"start":{"line":23,"column":22},"end":{"line":23,"column":35}},"loc":{"start":{"line":26,"column":19},"end":{"line":36,"column":1}}},"2":{"name":"checkoutParamPut","decl":{"start":{"line":38,"column":22},"end":{"line":38,"column":38}},"loc":{"start":{"line":41,"column":19},"end":{"line":51,"column":1}}}},"branchMap":{"0":{"loc":{"start":{"line":15,"column":1},"end":{"line":18,"column":2}},"type":"if","locations":[{"start":{"line":15,"column":1},"end":{"line":18,"column":2}}]},"1":{"loc":{"start":{"line":30,"column":1},"end":{"line":33,"column":2}},"type":"if","locations":[{"start":{"line":30,"column":1},"end":{"line":33,"column":2}}]},"2":{"loc":{"start":{"line":45,"column":1},"end":{"line":48,"column":2}},"type":"if","locations":[{"start":{"line":45,"column":1},"end":{"line":48,"column":2}}]}},"s":{"0":2,"1":2,"2":2,"3":2,"4":3,"5":3,"6":2,"7":2,"8":1,"9":9,"10":9,"11":3,"12":3,"13":6,"14":5,"15":5,"16":3,"17":3,"18":2},"f":{"0":3,"1":9,"2":5},"b":{"0":[2],"1":[3],"2":[3]}}
,"C:\\Users\\rata1\\OneDrive\\HTML\\Practicas\\Admin-products-stack\\server\\src\\models\\Product.model.ts": {"path":"C:\\Users\\rata1\\OneDrive\\HTML\\Practicas\\Admin-products-stack\\server\\src\\models\\Product.model.ts","statementMap":{"0":{"start":{"line":1,"column":0},"end":{"line":1,"column":79}},"1":{"start":{"line":6,"column":0},"end":{"line":22,"column":null}},"2":{"start":{"line":10,"column":9},"end":{"line":10,"column":null}},"3":{"start":{"line":15,"column":9},"end":{"line":15,"column":null}},"4":{"start":{"line":21,"column":9},"end":{"line":21,"column":null}},"5":{"start":{"line":6,"column":6},"end":{"line":22,"column":null}},"6":{"start":{"line":24,"column":0},"end":{"line":24,"column":23}}},"fnMap":{},"branchMap":{},"s":{"0":2,"1":2,"2":2,"3":2,"4":2,"5":2,"6":2},"f":{},"b":{}}
,"C:\\Users\\rata1\\OneDrive\\HTML\\Practicas\\Admin-products-stack\\server\\src\\routes\\routes.ts": {"path":"C:\\Users\\rata1\\OneDrive\\HTML\\Practicas\\Admin-products-stack\\server\\src\\routes\\routes.ts","statementMap":{"0":{"start":{"line":1,"column":0},"end":{"line":1,"column":33}},"1":{"start":{"line":2,"column":0},"end":{"line":2,"column":42}},"2":{"start":{"line":3,"column":0},"end":{"line":3,"column":79}},"3":{"start":{"line":5,"column":15},"end":{"line":5,"column":23}},"4":{"start":{"line":7,"column":0},"end":{"line":7,"column":37}},"5":{"start":{"line":9,"column":0},"end":{"line":9,"column":55}},"6":{"start":{"line":11,"column":0},"end":{"line":11,"column":58}},"7":{"start":{"line":12,"column":0},"end":{"line":12,"column":60}},"8":{"start":{"line":13,"column":0},"end":{"line":13,"column":61}},"9":{"start":{"line":14,"column":0},"end":{"line":14,"column":60}},"10":{"start":{"line":16,"column":0},"end":{"line":16,"column":22}}},"fnMap":{},"branchMap":{},"s":{"0":2,"1":2,"2":2,"3":2,"4":2,"5":2,"6":2,"7":2,"8":2,"9":2,"10":2},"f":{},"b":{}}
,"C:\\Users\\rata1\\OneDrive\\HTML\\Practicas\\Admin-products-stack\\server\\src\\validator\\ProductValidator.ts": {"path":"C:\\Users\\rata1\\OneDrive\\HTML\\Practicas\\Admin-products-stack\\server\\src\\validator\\ProductValidator.ts","statementMap":{"0":{"start":{"line":4,"column":0},"end":{"line":4,"column":7}},"1":{"start":{"line":22,"column":0},"end":{"line":22,"column":7}},"2":{"start":{"line":34,"column":0},"end":{"line":34,"column":7}},"3":{"start":{"line":1,"column":0},"end":{"line":1,"column":60}},"4":{"start":{"line":5,"column":1},"end":{"line":8,"column":12}},"5":{"start":{"line":10,"column":1},"end":{"line":17,"column":12}},"6":{"start":{"line":15,"column":21},"end":{"line":15,"column":30}},"7":{"start":{"line":19,"column":1},"end":{"line":19,"column":30}},"8":{"start":{"line":23,"column":1},"end":{"line":29,"column":12}},"9":{"start":{"line":27,"column":21},"end":{"line":27,"column":30}},"10":{"start":{"line":31,"column":1},"end":{"line":31,"column":30}},"11":{"start":{"line":35,"column":1},"end":{"line":41,"column":12}},"12":{"start":{"line":39,"column":21},"end":{"line":39,"column":30}},"13":{"start":{"line":43,"column":1},"end":{"line":46,"column":12}},"14":{"start":{"line":48,"column":1},"end":{"line":55,"column":12}},"15":{"start":{"line":53,"column":21},"end":{"line":53,"column":30}},"16":{"start":{"line":57,"column":1},"end":{"line":57,"column":30}}},"fnMap":{"0":{"name":"productValidator","decl":{"start":{"line":4,"column":22},"end":{"line":4,"column":38}},"loc":{"start":{"line":4,"column":51},"end":{"line":20,"column":1}}},"1":{"name":"(anonymous_1)","decl":{"start":{"line":15,"column":10},"end":{"line":15,"column":11}},"loc":{"start":{"line":15,"column":21},"end":{"line":15,"column":30}}},"2":{"name":"paramValidator","decl":{"start":{"line":22,"column":22},"end":{"line":22,"column":36}},"loc":{"start":{"line":22,"column":49},"end":{"line":32,"column":1}}},"3":{"name":"(anonymous_3)","decl":{"start":{"line":27,"column":10},"end":{"line":27,"column":11}},"loc":{"start":{"line":27,"column":21},"end":{"line":27,"column":30}}},"4":{"name":"updateValidator","decl":{"start":{"line":34,"column":22},"end":{"line":34,"column":37}},"loc":{"start":{"line":34,"column":50},"end":{"line":58,"column":1}}},"5":{"name":"(anonymous_5)","decl":{"start":{"line":39,"column":10},"end":{"line":39,"column":11}},"loc":{"start":{"line":39,"column":21},"end":{"line":39,"column":30}}},"6":{"name":"(anonymous_6)","decl":{"start":{"line":53,"column":10},"end":{"line":53,"column":11}},"loc":{"start":{"line":53,"column":21},"end":{"line":53,"column":30}}}},"branchMap":{},"s":{"0":2,"1":2,"2":2,"3":2,"4":3,"5":3,"6":3,"7":3,"8":9,"9":9,"10":9,"11":5,"12":5,"13":5,"14":5,"15":5,"16":5},"f":{"0":3,"1":3,"2":9,"3":9,"4":5,"5":5,"6":5},"b":{}}
}
