TN:
SF:src\server.ts
FN:11,(anonymous_1)
FNF:1
FNH:1
FNDA:1,(anonymous_1)
DA:1,2
DA:2,2
DA:3,2
DA:5,2
DA:6,2
DA:7,2
DA:9,2
DA:11,2
DA:12,1
DA:14,2
LF:10
LH:10
BRF:0
BRH:0
end_of_record
TN:
SF:src\config\db.ts
FNF:0
FNH:0
DA:1,1
DA:3,1
DA:4,1
DA:20,1
LF:4
LH:4
BRF:0
BRH:0
end_of_record
TN:
SF:src\handlers\Product.ts
FN:5,(anonymous_1)
FN:12,(anonymous_2)
FN:25,(anonymous_3)
FN:30,(anonymous_4)
FN:44,(anonymous_5)
FN:57,(anonymous_6)
FNF:6
FNH:6
FNDA:1,(anonymous_1)
FNDA:2,(anonymous_2)
FNDA:1,(anonymous_3)
FNDA:2,(anonymous_4)
FNDA:2,(anonymous_5)
FNDA:2,(anonymous_6)
DA:1,2
DA:6,1
DA:9,1
DA:13,2
DA:15,2
DA:17,2
DA:18,1
DA:19,1
DA:22,1
DA:26,1
DA:27,1
DA:31,2
DA:32,2
DA:34,2
DA:35,1
DA:36,1
DA:39,1
DA:40,1
DA:41,1
DA:45,2
DA:46,2
DA:48,2
DA:49,1
DA:50,1
DA:53,1
DA:54,1
DA:58,2
DA:59,2
DA:61,2
DA:62,1
DA:63,1
DA:65,1
DA:66,1
DA:70,2
LF:34
LH:34
BRDA:17,0,0,1
BRDA:34,1,0,1
BRDA:48,2,0,1
BRDA:61,3,0,1
BRF:4
BRH:4
end_of_record
TN:
SF:src\middleware\index.ts
FN:8,checkoutInput
FN:23,checkoutParam
FN:38,checkoutParamPut
FNF:3
FNH:3
FNDA:3,checkoutInput
FNDA:9,checkoutParam
FNDA:5,checkoutParamPut
DA:2,2
DA:8,2
DA:13,3
DA:15,3
DA:16,2
DA:17,2
DA:20,1
DA:23,2
DA:28,9
DA:30,9
DA:31,3
DA:32,3
DA:35,6
DA:38,2
DA:43,5
DA:45,5
DA:46,3
DA:47,3
DA:50,2
LF:19
LH:19
BRDA:15,0,0,2
BRDA:30,1,0,3
BRDA:45,2,0,3
BRF:3
BRH:3
end_of_record
TN:
SF:src\models\Product.model.ts
FNF:0
FNH:0
DA:1,2
DA:6,2
DA:10,2
DA:15,2
DA:21,2
DA:24,2
LF:6
LH:6
BRF:0
BRH:0
end_of_record
TN:
SF:src\routes\routes.ts
FNF:0
FNH:0
DA:1,2
DA:2,2
DA:3,2
DA:5,2
DA:7,2
DA:9,2
DA:11,2
DA:12,2
DA:13,2
DA:14,2
DA:16,2
LF:11
LH:11
BRF:0
BRH:0
end_of_record
TN:
SF:src\validator\ProductValidator.ts
FN:4,productValidator
FN:15,(anonymous_1)
FN:22,paramValidator
FN:27,(anonymous_3)
FN:34,updateValidator
FN:39,(anonymous_5)
FN:53,(anonymous_6)
FNF:7
FNH:7
FNDA:3,productValidator
FNDA:3,(anonymous_1)
FNDA:9,paramValidator
FNDA:9,(anonymous_3)
FNDA:5,updateValidator
FNDA:5,(anonymous_5)
FNDA:5,(anonymous_6)
DA:1,2
DA:4,2
DA:5,3
DA:10,3
DA:15,3
DA:19,3
DA:22,2
DA:23,9
DA:27,9
DA:31,9
DA:34,2
DA:35,5
DA:39,5
DA:43,5
DA:48,5
DA:53,5
DA:57,5
LF:17
LH:17
BRF:0
BRH:0
end_of_record
